<?xml version="1.0" encoding="UTF-8" ?>
<testsuite errors="0" failures="0" hostname="c-134-141.eduroam.liu.se" name="se.liu.ida.tdp024.account.logic.test.facade.AccountLogicFacadeTest" tests="1" time="2.979" timestamp="2013-09-26T13:52:56">
  <properties>
[...]
</properties>
  <testcase classname="se.liu.ida.tdp024.account.logic.test.facade.AccountLogicFacadeTest" name="testCreate" time="2.91" />
  <system-out><![CDATA[[EL Info]: 2013-09-26 15:52:57.813--ServerSession(533000440)--EclipseLink, version: Eclipse Persistence Services - 2.3.0.v20110604-r9504
[EL Info]: 2013-09-26 15:52:58.862--ServerSession(533000440)--file:/Users/Jocke/Programming/R2-D2/account-data-impl-db/dist/account-data-impl-db.jar_account-dataPU login successful
[EL Warning]: 2013-09-26 15:52:59.059--ServerSession(533000440)--Exception [EclipseLink-4002] (Eclipse Persistence Services - 2.3.0.v20110604-r9504): org.eclipse.persistence.exceptions.DatabaseException
Internal Exception: java.sql.SQLSyntaxErrorException: 'DROP TABLE' cannot be performed on 'ACCOUNTDB' because it does not exist.
Error Code: 30000
Call: DROP TABLE ACCOUNTDB
Query: DataModifyQuery(sql="DROP TABLE ACCOUNTDB")
CHECK,{"key":"ahRzfmVudGVycHJpc2Utc3lzdGVtc3INCxIGUGVyc29uGLNtDA","name":"Marcus Bendtsen"},{"key":"ahRzfmVudGVycHJpc2Utc3lzdGVtc3ILCxIEQmFuaxiJJww","name":"SWEDBANK"}
]]></system-out>
  <system-err><![CDATA[]]></system-err>
</testsuite>
